<?xml version="1.0" encoding="UTF-8"?>
<testsuite xmlns:xsi="http://www.w3.org/2001/XMLSchema-instance" xsi:noNamespaceSchemaLocation="https://maven.apache.org/surefire/maven-surefire-plugin/xsd/surefire-test-report.xsd" name="online.referity.ReferityApplicationTests" time="24.69" tests="1" errors="0" skipped="0" failures="0">
  <properties>
    <property name="java.specification.version" value="20"/>
    <property name="sun.jnu.encoding" value="UTF-8"/>
    <property name="java.class.path" value="/Users/toannguyen/Documents/backend/referity_be/target/test-classes:/Users/toannguyen/Documents/backend/referity_be/target/classes:/Users/toannguyen/.m2/repository/org/springframework/boot/spring-boot-starter-security/2.6.7/spring-boot-starter-security-2.6.7.jar:/Users/toannguyen/.m2/repository/org/springframework/boot/spring-boot-starter/2.6.7/spring-boot-starter-2.6.7.jar:/Users/toannguyen/.m2/repository/org/springframework/boot/spring-boot/2.6.7/spring-boot-2.6.7.jar:/Users/toannguyen/.m2/repository/org/springframework/boot/spring-boot-autoconfigure/2.6.7/spring-boot-autoconfigure-2.6.7.jar:/Users/toannguyen/.m2/repository/org/springframework/boot/spring-boot-starter-logging/2.6.7/spring-boot-starter-logging-2.6.7.jar:/Users/toannguyen/.m2/repository/ch/qos/logback/logback-classic/1.2.11/logback-classic-1.2.11.jar:/Users/toannguyen/.m2/repository/ch/qos/logback/logback-core/1.2.11/logback-core-1.2.11.jar:/Users/toannguyen/.m2/repository/org/apache/logging/log4j/log4j-to-slf4j/2.17.2/log4j-to-slf4j-2.17.2.jar:/Users/toannguyen/.m2/repository/org/apache/logging/log4j/log4j-api/2.17.2/log4j-api-2.17.2.jar:/Users/toannguyen/.m2/repository/org/slf4j/jul-to-slf4j/1.7.36/jul-to-slf4j-1.7.36.jar:/Users/toannguyen/.m2/repository/jakarta/annotation/jakarta.annotation-api/1.3.5/jakarta.annotation-api-1.3.5.jar:/Users/toannguyen/.m2/repository/org/yaml/snakeyaml/1.29/snakeyaml-1.29.jar:/Users/toannguyen/.m2/repository/org/springframework/spring-aop/5.3.19/spring-aop-5.3.19.jar:/Users/toannguyen/.m2/repository/org/springframework/spring-beans/5.3.19/spring-beans-5.3.19.jar:/Users/toannguyen/.m2/repository/org/springframework/security/spring-security-config/5.6.3/spring-security-config-5.6.3.jar:/Users/toannguyen/.m2/repository/org/springframework/security/spring-security-core/5.6.3/spring-security-core-5.6.3.jar:/Users/toannguyen/.m2/repository/org/springframework/security/spring-security-crypto/5.6.3/spring-security-crypto-5.6.3.jar:/Users/toannguyen/.m2/repository/org/springframework/spring-context/5.3.19/spring-context-5.3.19.jar:/Users/toannguyen/.m2/repository/org/springframework/security/spring-security-web/5.6.3/spring-security-web-5.6.3.jar:/Users/toannguyen/.m2/repository/org/springframework/spring-expression/5.3.19/spring-expression-5.3.19.jar:/Users/toannguyen/.m2/repository/org/springframework/boot/spring-boot-starter-web/2.6.7/spring-boot-starter-web-2.6.7.jar:/Users/toannguyen/.m2/repository/org/springframework/boot/spring-boot-starter-json/2.6.7/spring-boot-starter-json-2.6.7.jar:/Users/toannguyen/.m2/repository/com/fasterxml/jackson/datatype/jackson-datatype-jdk8/2.13.2/jackson-datatype-jdk8-2.13.2.jar:/Users/toannguyen/.m2/repository/com/fasterxml/jackson/datatype/jackson-datatype-jsr310/2.13.2/jackson-datatype-jsr310-2.13.2.jar:/Users/toannguyen/.m2/repository/com/fasterxml/jackson/module/jackson-module-parameter-names/2.13.2/jackson-module-parameter-names-2.13.2.jar:/Users/toannguyen/.m2/repository/org/springframework/boot/spring-boot-starter-tomcat/2.6.7/spring-boot-starter-tomcat-2.6.7.jar:/Users/toannguyen/.m2/repository/org/apache/tomcat/embed/tomcat-embed-core/9.0.62/tomcat-embed-core-9.0.62.jar:/Users/toannguyen/.m2/repository/org/apache/tomcat/embed/tomcat-embed-websocket/9.0.62/tomcat-embed-websocket-9.0.62.jar:/Users/toannguyen/.m2/repository/org/springframework/spring-web/5.3.19/spring-web-5.3.19.jar:/Users/toannguyen/.m2/repository/org/springframework/spring-webmvc/5.3.19/spring-webmvc-5.3.19.jar:/Users/toannguyen/.m2/repository/org/springframework/boot/spring-boot-starter-mail/2.6.7/spring-boot-starter-mail-2.6.7.jar:/Users/toannguyen/.m2/repository/org/springframework/spring-context-support/5.3.19/spring-context-support-5.3.19.jar:/Users/toannguyen/.m2/repository/com/sun/mail/jakarta.mail/1.6.7/jakarta.mail-1.6.7.jar:/Users/toannguyen/.m2/repository/com/sun/activation/jakarta.activation/1.2.2/jakarta.activation-1.2.2.jar:/Users/toannguyen/.m2/repository/org/projectlombok/lombok/1.18.24/lombok-1.18.24.jar:/Users/toannguyen/.m2/repository/org/springframework/boot/spring-boot-starter-test/2.6.7/spring-boot-starter-test-2.6.7.jar:/Users/toannguyen/.m2/repository/org/springframework/boot/spring-boot-test/2.6.7/spring-boot-test-2.6.7.jar:/Users/toannguyen/.m2/repository/org/springframework/boot/spring-boot-test-autoconfigure/2.6.7/spring-boot-test-autoconfigure-2.6.7.jar:/Users/toannguyen/.m2/repository/com/jayway/jsonpath/json-path/2.6.0/json-path-2.6.0.jar:/Users/toannguyen/.m2/repository/net/minidev/json-smart/2.4.8/json-smart-2.4.8.jar:/Users/toannguyen/.m2/repository/net/minidev/accessors-smart/2.4.8/accessors-smart-2.4.8.jar:/Users/toannguyen/.m2/repository/org/ow2/asm/asm/9.1/asm-9.1.jar:/Users/toannguyen/.m2/repository/jakarta/xml/bind/jakarta.xml.bind-api/2.3.3/jakarta.xml.bind-api-2.3.3.jar:/Users/toannguyen/.m2/repository/jakarta/activation/jakarta.activation-api/1.2.2/jakarta.activation-api-1.2.2.jar:/Users/toannguyen/.m2/repository/org/assertj/assertj-core/3.21.0/assertj-core-3.21.0.jar:/Users/toannguyen/.m2/repository/org/hamcrest/hamcrest/2.2/hamcrest-2.2.jar:/Users/toannguyen/.m2/repository/org/junit/jupiter/junit-jupiter/5.8.2/junit-jupiter-5.8.2.jar:/Users/toannguyen/.m2/repository/org/junit/jupiter/junit-jupiter-api/5.8.2/junit-jupiter-api-5.8.2.jar:/Users/toannguyen/.m2/repository/org/opentest4j/opentest4j/1.2.0/opentest4j-1.2.0.jar:/Users/toannguyen/.m2/repository/org/junit/platform/junit-platform-commons/1.8.2/junit-platform-commons-1.8.2.jar:/Users/toannguyen/.m2/repository/org/apiguardian/apiguardian-api/1.1.2/apiguardian-api-1.1.2.jar:/Users/toannguyen/.m2/repository/org/junit/jupiter/junit-jupiter-params/5.8.2/junit-jupiter-params-5.8.2.jar:/Users/toannguyen/.m2/repository/org/junit/jupiter/junit-jupiter-engine/5.8.2/junit-jupiter-engine-5.8.2.jar:/Users/toannguyen/.m2/repository/org/junit/platform/junit-platform-engine/1.8.2/junit-platform-engine-1.8.2.jar:/Users/toannguyen/.m2/repository/org/mockito/mockito-core/4.0.0/mockito-core-4.0.0.jar:/Users/toannguyen/.m2/repository/net/bytebuddy/byte-buddy/1.11.22/byte-buddy-1.11.22.jar:/Users/toannguyen/.m2/repository/net/bytebuddy/byte-buddy-agent/1.11.22/byte-buddy-agent-1.11.22.jar:/Users/toannguyen/.m2/repository/org/objenesis/objenesis/3.2/objenesis-3.2.jar:/Users/toannguyen/.m2/repository/org/mockito/mockito-junit-jupiter/4.0.0/mockito-junit-jupiter-4.0.0.jar:/Users/toannguyen/.m2/repository/org/skyscreamer/jsonassert/1.5.0/jsonassert-1.5.0.jar:/Users/toannguyen/.m2/repository/com/vaadin/external/google/android-json/0.0.20131108.vaadin1/android-json-0.0.20131108.vaadin1.jar:/Users/toannguyen/.m2/repository/org/springframework/spring-core/5.3.19/spring-core-5.3.19.jar:/Users/toannguyen/.m2/repository/org/springframework/spring-jcl/5.3.19/spring-jcl-5.3.19.jar:/Users/toannguyen/.m2/repository/org/springframework/spring-test/5.3.19/spring-test-5.3.19.jar:/Users/toannguyen/.m2/repository/org/xmlunit/xmlunit-core/2.8.4/xmlunit-core-2.8.4.jar:/Users/toannguyen/.m2/repository/org/thymeleaf/thymeleaf/3.1.1.RELEASE/thymeleaf-3.1.1.RELEASE.jar:/Users/toannguyen/.m2/repository/ognl/ognl/3.3.4/ognl-3.3.4.jar:/Users/toannguyen/.m2/repository/org/javassist/javassist/3.29.0-GA/javassist-3.29.0-GA.jar:/Users/toannguyen/.m2/repository/org/attoparser/attoparser/2.0.6.RELEASE/attoparser-2.0.6.RELEASE.jar:/Users/toannguyen/.m2/repository/org/unbescape/unbescape/1.1.6.RELEASE/unbescape-1.1.6.RELEASE.jar:/Users/toannguyen/.m2/repository/org/slf4j/slf4j-api/1.7.36/slf4j-api-1.7.36.jar:/Users/toannguyen/.m2/repository/org/springframework/boot/spring-boot-starter-data-jpa/2.6.7/spring-boot-starter-data-jpa-2.6.7.jar:/Users/toannguyen/.m2/repository/org/springframework/boot/spring-boot-starter-aop/2.6.7/spring-boot-starter-aop-2.6.7.jar:/Users/toannguyen/.m2/repository/org/aspectj/aspectjweaver/1.9.7/aspectjweaver-1.9.7.jar:/Users/toannguyen/.m2/repository/org/springframework/boot/spring-boot-starter-jdbc/2.6.7/spring-boot-starter-jdbc-2.6.7.jar:/Users/toannguyen/.m2/repository/com/zaxxer/HikariCP/4.0.3/HikariCP-4.0.3.jar:/Users/toannguyen/.m2/repository/org/springframework/spring-jdbc/5.3.19/spring-jdbc-5.3.19.jar:/Users/toannguyen/.m2/repository/jakarta/transaction/jakarta.transaction-api/1.3.3/jakarta.transaction-api-1.3.3.jar:/Users/toannguyen/.m2/repository/jakarta/persistence/jakarta.persistence-api/2.2.3/jakarta.persistence-api-2.2.3.jar:/Users/toannguyen/.m2/repository/org/hibernate/hibernate-core/5.6.8.Final/hibernate-core-5.6.8.Final.jar:/Users/toannguyen/.m2/repository/org/jboss/logging/jboss-logging/3.4.3.Final/jboss-logging-3.4.3.Final.jar:/Users/toannguyen/.m2/repository/antlr/antlr/2.7.7/antlr-2.7.7.jar:/Users/toannguyen/.m2/repository/org/jboss/jandex/2.4.2.Final/jandex-2.4.2.Final.jar:/Users/toannguyen/.m2/repository/com/fasterxml/classmate/1.5.1/classmate-1.5.1.jar:/Users/toannguyen/.m2/repository/org/hibernate/common/hibernate-commons-annotations/5.1.2.Final/hibernate-commons-annotations-5.1.2.Final.jar:/Users/toannguyen/.m2/repository/org/glassfish/jaxb/jaxb-runtime/2.3.6/jaxb-runtime-2.3.6.jar:/Users/toannguyen/.m2/repository/org/glassfish/jaxb/txw2/2.3.6/txw2-2.3.6.jar:/Users/toannguyen/.m2/repository/com/sun/istack/istack-commons-runtime/3.0.12/istack-commons-runtime-3.0.12.jar:/Users/toannguyen/.m2/repository/org/springframework/data/spring-data-jpa/2.6.4/spring-data-jpa-2.6.4.jar:/Users/toannguyen/.m2/repository/org/springframework/data/spring-data-commons/2.6.4/spring-data-commons-2.6.4.jar:/Users/toannguyen/.m2/repository/org/springframework/spring-orm/5.3.19/spring-orm-5.3.19.jar:/Users/toannguyen/.m2/repository/org/springframework/spring-tx/5.3.19/spring-tx-5.3.19.jar:/Users/toannguyen/.m2/repository/org/springframework/spring-aspects/5.3.19/spring-aspects-5.3.19.jar:/Users/toannguyen/.m2/repository/mysql/mysql-connector-java/8.0.28/mysql-connector-java-8.0.28.jar:/Users/toannguyen/.m2/repository/io/jsonwebtoken/jjwt/0.9.1/jjwt-0.9.1.jar:/Users/toannguyen/.m2/repository/org/springdoc/springdoc-openapi-ui/1.7.0/springdoc-openapi-ui-1.7.0.jar:/Users/toannguyen/.m2/repository/org/springdoc/springdoc-openapi-webmvc-core/1.7.0/springdoc-openapi-webmvc-core-1.7.0.jar:/Users/toannguyen/.m2/repository/org/springdoc/springdoc-openapi-common/1.7.0/springdoc-openapi-common-1.7.0.jar:/Users/toannguyen/.m2/repository/io/swagger/core/v3/swagger-core/2.2.9/swagger-core-2.2.9.jar:/Users/toannguyen/.m2/repository/org/apache/commons/commons-lang3/3.12.0/commons-lang3-3.12.0.jar:/Users/toannguyen/.m2/repository/com/fasterxml/jackson/dataformat/jackson-dataformat-yaml/2.13.2/jackson-dataformat-yaml-2.13.2.jar:/Users/toannguyen/.m2/repository/io/swagger/core/v3/swagger-annotations/2.2.9/swagger-annotations-2.2.9.jar:/Users/toannguyen/.m2/repository/io/swagger/core/v3/swagger-models/2.2.9/swagger-models-2.2.9.jar:/Users/toannguyen/.m2/repository/org/webjars/swagger-ui/4.18.2/swagger-ui-4.18.2.jar:/Users/toannguyen/.m2/repository/org/apache/pdfbox/pdfbox/2.0.24/pdfbox-2.0.24.jar:/Users/toannguyen/.m2/repository/org/apache/pdfbox/fontbox/2.0.24/fontbox-2.0.24.jar:/Users/toannguyen/.m2/repository/commons-logging/commons-logging/1.2/commons-logging-1.2.jar:/Users/toannguyen/.m2/repository/com/fasterxml/jackson/core/jackson-databind/2.12.5/jackson-databind-2.12.5.jar:/Users/toannguyen/.m2/repository/com/fasterxml/jackson/core/jackson-annotations/2.13.2/jackson-annotations-2.13.2.jar:/Users/toannguyen/.m2/repository/com/fasterxml/jackson/core/jackson-core/2.13.2/jackson-core-2.13.2.jar:/Users/toannguyen/.m2/repository/org/springframework/boot/spring-boot-starter-validation/2.6.7/spring-boot-starter-validation-2.6.7.jar:/Users/toannguyen/.m2/repository/org/apache/tomcat/embed/tomcat-embed-el/9.0.62/tomcat-embed-el-9.0.62.jar:/Users/toannguyen/.m2/repository/org/hibernate/validator/hibernate-validator/6.2.3.Final/hibernate-validator-6.2.3.Final.jar:/Users/toannguyen/.m2/repository/jakarta/validation/jakarta.validation-api/2.0.2/jakarta.validation-api-2.0.2.jar:/Users/toannguyen/.m2/repository/org/mapstruct/mapstruct/1.5.5.Final/mapstruct-1.5.5.Final.jar:/Users/toannguyen/.m2/repository/org/modelmapper/modelmapper/2.4.4/modelmapper-2.4.4.jar:/Users/toannguyen/.m2/repository/com/google/apis/google-api-services-oauth2/v2-rev20200213-1.32.1/google-api-services-oauth2-v2-rev20200213-1.32.1.jar:/Users/toannguyen/.m2/repository/com/google/api-client/google-api-client/1.32.1/google-api-client-1.32.1.jar:/Users/toannguyen/.m2/repository/com/google/oauth-client/google-oauth-client/1.31.5/google-oauth-client-1.31.5.jar:/Users/toannguyen/.m2/repository/com/google/http-client/google-http-client-gson/1.39.2/google-http-client-gson-1.39.2.jar:/Users/toannguyen/.m2/repository/com/google/http-client/google-http-client-apache-v2/1.39.2/google-http-client-apache-v2-1.39.2.jar:/Users/toannguyen/.m2/repository/org/apache/httpcomponents/httpcore/4.4.15/httpcore-4.4.15.jar:/Users/toannguyen/.m2/repository/org/apache/httpcomponents/httpclient/4.5.13/httpclient-4.5.13.jar:/Users/toannguyen/.m2/repository/com/google/firebase/firebase-admin/9.1.1/firebase-admin-9.1.1.jar:/Users/toannguyen/.m2/repository/com/google/api-client/google-api-client-gson/2.0.0/google-api-client-gson-2.0.0.jar:/Users/toannguyen/.m2/repository/com/google/http-client/google-http-client/1.42.2/google-http-client-1.42.2.jar:/Users/toannguyen/.m2/repository/com/google/code/findbugs/jsr305/3.0.2/jsr305-3.0.2.jar:/Users/toannguyen/.m2/repository/com/google/j2objc/j2objc-annotations/1.3/j2objc-annotations-1.3.jar:/Users/toannguyen/.m2/repository/io/opencensus/opencensus-api/0.31.1/opencensus-api-0.31.1.jar:/Users/toannguyen/.m2/repository/io/opencensus/opencensus-contrib-http-util/0.31.1/opencensus-contrib-http-util-0.31.1.jar:/Users/toannguyen/.m2/repository/com/google/api/api-common/2.2.1/api-common-2.2.1.jar:/Users/toannguyen/.m2/repository/javax/annotation/javax.annotation-api/1.3.2/javax.annotation-api-1.3.2.jar:/Users/toannguyen/.m2/repository/com/google/auto/value/auto-value-annotations/1.9/auto-value-annotations-1.9.jar:/Users/toannguyen/.m2/repository/com/google/auth/google-auth-library-oauth2-http/1.12.1/google-auth-library-oauth2-http-1.12.1.jar:/Users/toannguyen/.m2/repository/com/google/auth/google-auth-library-credentials/1.12.1/google-auth-library-credentials-1.12.1.jar:/Users/toannguyen/.m2/repository/com/google/cloud/google-cloud-storage/2.14.0/google-cloud-storage-2.14.0.jar:/Users/toannguyen/.m2/repository/com/google/guava/failureaccess/1.0.1/failureaccess-1.0.1.jar:/Users/toannguyen/.m2/repository/com/google/guava/listenablefuture/9999.0-empty-to-avoid-conflict-with-guava/listenablefuture-9999.0-empty-to-avoid-conflict-with-guava.jar:/Users/toannguyen/.m2/repository/com/google/http-client/google-http-client-jackson2/1.42.2/google-http-client-jackson2-1.42.2.jar:/Users/toannguyen/.m2/repository/com/google/apis/google-api-services-storage/v1-rev20220705-2.0.0/google-api-services-storage-v1-rev20220705-2.0.0.jar:/Users/toannguyen/.m2/repository/com/google/code/gson/gson/2.8.9/gson-2.8.9.jar:/Users/toannguyen/.m2/repository/com/google/cloud/google-cloud-core/2.8.22/google-cloud-core-2.8.22.jar:/Users/toannguyen/.m2/repository/com/google/cloud/google-cloud-core-http/2.8.22/google-cloud-core-http-2.8.22.jar:/Users/toannguyen/.m2/repository/com/google/http-client/google-http-client-appengine/1.42.2/google-http-client-appengine-1.42.2.jar:/Users/toannguyen/.m2/repository/com/google/api/gax-httpjson/0.104.4/gax-httpjson-0.104.4.jar:/Users/toannguyen/.m2/repository/com/google/cloud/google-cloud-core-grpc/2.8.22/google-cloud-core-grpc-2.8.22.jar:/Users/toannguyen/.m2/repository/io/grpc/grpc-core/1.50.1/grpc-core-1.50.1.jar:/Users/toannguyen/.m2/repository/com/google/android/annotations/4.1.1.4/annotations-4.1.1.4.jar:/Users/toannguyen/.m2/repository/org/codehaus/mojo/animal-sniffer-annotations/1.22/animal-sniffer-annotations-1.22.jar:/Users/toannguyen/.m2/repository/com/google/api/gax/2.19.4/gax-2.19.4.jar:/Users/toannguyen/.m2/repository/com/google/api/gax-grpc/2.19.4/gax-grpc-2.19.4.jar:/Users/toannguyen/.m2/repository/io/grpc/grpc-alts/1.50.1/grpc-alts-1.50.1.jar:/Users/toannguyen/.m2/repository/io/grpc/grpc-grpclb/1.50.1/grpc-grpclb-1.50.1.jar:/Users/toannguyen/.m2/repository/org/conscrypt/conscrypt-openjdk-uber/2.5.2/conscrypt-openjdk-uber-2.5.2.jar:/Users/toannguyen/.m2/repository/io/grpc/grpc-context/1.50.1/grpc-context-1.50.1.jar:/Users/toannguyen/.m2/repository/com/google/api/grpc/proto-google-iam-v1/1.6.4/proto-google-iam-v1-1.6.4.jar:/Users/toannguyen/.m2/repository/com/google/protobuf/protobuf-java/3.21.8/protobuf-java-3.21.8.jar:/Users/toannguyen/.m2/repository/com/google/protobuf/protobuf-java-util/3.21.8/protobuf-java-util-3.21.8.jar:/Users/toannguyen/.m2/repository/com/google/api/grpc/proto-google-common-protos/2.9.6/proto-google-common-protos-2.9.6.jar:/Users/toannguyen/.m2/repository/org/threeten/threetenbp/1.6.3/threetenbp-1.6.3.jar:/Users/toannguyen/.m2/repository/com/google/api/grpc/proto-google-cloud-storage-v2/2.14.0-alpha/proto-google-cloud-storage-v2-2.14.0-alpha.jar:/Users/toannguyen/.m2/repository/com/google/api/grpc/grpc-google-cloud-storage-v2/2.14.0-alpha/grpc-google-cloud-storage-v2-2.14.0-alpha.jar:/Users/toannguyen/.m2/repository/io/grpc/grpc-protobuf/1.50.1/grpc-protobuf-1.50.1.jar:/Users/toannguyen/.m2/repository/com/google/api/grpc/gapic-google-cloud-storage-v2/2.14.0-alpha/gapic-google-cloud-storage-v2-2.14.0-alpha.jar:/Users/toannguyen/.m2/repository/io/grpc/grpc-api/1.50.1/grpc-api-1.50.1.jar:/Users/toannguyen/.m2/repository/io/grpc/grpc-netty-shaded/1.50.1/grpc-netty-shaded-1.50.1.jar:/Users/toannguyen/.m2/repository/io/perfmark/perfmark-api/0.25.0/perfmark-api-0.25.0.jar:/Users/toannguyen/.m2/repository/io/grpc/grpc-auth/1.50.1/grpc-auth-1.50.1.jar:/Users/toannguyen/.m2/repository/io/grpc/grpc-stub/1.50.1/grpc-stub-1.50.1.jar:/Users/toannguyen/.m2/repository/io/grpc/grpc-googleapis/1.50.1/grpc-googleapis-1.50.1.jar:/Users/toannguyen/.m2/repository/org/checkerframework/checker-qual/3.26.0/checker-qual-3.26.0.jar:/Users/toannguyen/.m2/repository/io/grpc/grpc-xds/1.50.1/grpc-xds-1.50.1.jar:/Users/toannguyen/.m2/repository/io/opencensus/opencensus-proto/0.2.0/opencensus-proto-0.2.0.jar:/Users/toannguyen/.m2/repository/io/grpc/grpc-services/1.50.1/grpc-services-1.50.1.jar:/Users/toannguyen/.m2/repository/com/google/re2j/re2j/1.6/re2j-1.6.jar:/Users/toannguyen/.m2/repository/com/google/api/grpc/grpc-google-iam-v1/1.6.4/grpc-google-iam-v1-1.6.4.jar:/Users/toannguyen/.m2/repository/io/grpc/grpc-protobuf-lite/1.50.1/grpc-protobuf-lite-1.50.1.jar:/Users/toannguyen/.m2/repository/com/google/cloud/google-cloud-firestore/3.7.0/google-cloud-firestore-3.7.0.jar:/Users/toannguyen/.m2/repository/commons-codec/commons-codec/1.15/commons-codec-1.15.jar:/Users/toannguyen/.m2/repository/com/google/api/grpc/proto-google-cloud-firestore-v1/3.7.0/proto-google-cloud-firestore-v1-3.7.0.jar:/Users/toannguyen/.m2/repository/com/google/cloud/proto-google-cloud-firestore-bundle-v1/3.7.0/proto-google-cloud-firestore-bundle-v1-3.7.0.jar:/Users/toannguyen/.m2/repository/io/opencensus/opencensus-contrib-grpc-util/0.31.1/opencensus-contrib-grpc-util-0.31.1.jar:/Users/toannguyen/.m2/repository/com/google/errorprone/error_prone_annotations/2.16/error_prone_annotations-2.16.jar:/Users/toannguyen/.m2/repository/com/google/guava/guava/31.1-jre/guava-31.1-jre.jar:/Users/toannguyen/.m2/repository/io/netty/netty-codec-http/4.1.76.Final/netty-codec-http-4.1.76.Final.jar:/Users/toannguyen/.m2/repository/io/netty/netty-common/4.1.76.Final/netty-common-4.1.76.Final.jar:/Users/toannguyen/.m2/repository/io/netty/netty-buffer/4.1.76.Final/netty-buffer-4.1.76.Final.jar:/Users/toannguyen/.m2/repository/io/netty/netty-codec/4.1.76.Final/netty-codec-4.1.76.Final.jar:/Users/toannguyen/.m2/repository/io/netty/netty-handler/4.1.76.Final/netty-handler-4.1.76.Final.jar:/Users/toannguyen/.m2/repository/io/netty/netty-resolver/4.1.76.Final/netty-resolver-4.1.76.Final.jar:/Users/toannguyen/.m2/repository/io/netty/netty-transport/4.1.76.Final/netty-transport-4.1.76.Final.jar:/Users/toannguyen/.m2/repository/org/springframework/boot/spring-boot-starter-websocket/3.1.3/spring-boot-starter-websocket-3.1.3.jar:/Users/toannguyen/.m2/repository/org/springframework/spring-messaging/5.3.19/spring-messaging-5.3.19.jar:/Users/toannguyen/.m2/repository/org/springframework/spring-websocket/5.3.19/spring-websocket-5.3.19.jar:"/>
    <property name="java.vm.vendor" value="Oracle Corporation"/>
    <property name="sun.arch.data.model" value="64"/>
    <property name="java.vendor.url" value="https://java.oracle.com/"/>
    <property name="os.name" value="Mac OS X"/>
    <property name="java.vm.specification.version" value="20"/>
    <property name="sun.java.launcher" value="SUN_STANDARD"/>
    <property name="user.country" value="GB"/>
    <property name="sun.boot.library.path" value="/Users/toannguyen/Library/Java/JavaVirtualMachines/openjdk-20/Contents/Home/lib"/>
    <property name="sun.java.command" value="/Users/toannguyen/Documents/backend/referity_be/target/surefire/surefirebooter9319472940269196081.jar /Users/toannguyen/Documents/backend/referity_be/target/surefire 2023-09-19T16-24-44_704-jvmRun1 surefire17668453959484409323tmp surefire_015828230928612853001tmp"/>
    <property name="http.nonProxyHosts" value="local|*.local|169.254/16|*.169.254/16"/>
    <property name="jdk.debug" value="release"/>
    <property name="surefire.test.class.path" value="/Users/toannguyen/Documents/backend/referity_be/target/test-classes:/Users/toannguyen/Documents/backend/referity_be/target/classes:/Users/toannguyen/.m2/repository/org/springframework/boot/spring-boot-starter-security/2.6.7/spring-boot-starter-security-2.6.7.jar:/Users/toannguyen/.m2/repository/org/springframework/boot/spring-boot-starter/2.6.7/spring-boot-starter-2.6.7.jar:/Users/toannguyen/.m2/repository/org/springframework/boot/spring-boot/2.6.7/spring-boot-2.6.7.jar:/Users/toannguyen/.m2/repository/org/springframework/boot/spring-boot-autoconfigure/2.6.7/spring-boot-autoconfigure-2.6.7.jar:/Users/toannguyen/.m2/repository/org/springframework/boot/spring-boot-starter-logging/2.6.7/spring-boot-starter-logging-2.6.7.jar:/Users/toannguyen/.m2/repository/ch/qos/logback/logback-classic/1.2.11/logback-classic-1.2.11.jar:/Users/toannguyen/.m2/repository/ch/qos/logback/logback-core/1.2.11/logback-core-1.2.11.jar:/Users/toannguyen/.m2/repository/org/apache/logging/log4j/log4j-to-slf4j/2.17.2/log4j-to-slf4j-2.17.2.jar:/Users/toannguyen/.m2/repository/org/apache/logging/log4j/log4j-api/2.17.2/log4j-api-2.17.2.jar:/Users/toannguyen/.m2/repository/org/slf4j/jul-to-slf4j/1.7.36/jul-to-slf4j-1.7.36.jar:/Users/toannguyen/.m2/repository/jakarta/annotation/jakarta.annotation-api/1.3.5/jakarta.annotation-api-1.3.5.jar:/Users/toannguyen/.m2/repository/org/yaml/snakeyaml/1.29/snakeyaml-1.29.jar:/Users/toannguyen/.m2/repository/org/springframework/spring-aop/5.3.19/spring-aop-5.3.19.jar:/Users/toannguyen/.m2/repository/org/springframework/spring-beans/5.3.19/spring-beans-5.3.19.jar:/Users/toannguyen/.m2/repository/org/springframework/security/spring-security-config/5.6.3/spring-security-config-5.6.3.jar:/Users/toannguyen/.m2/repository/org/springframework/security/spring-security-core/5.6.3/spring-security-core-5.6.3.jar:/Users/toannguyen/.m2/repository/org/springframework/security/spring-security-crypto/5.6.3/spring-security-crypto-5.6.3.jar:/Users/toannguyen/.m2/repository/org/springframework/spring-context/5.3.19/spring-context-5.3.19.jar:/Users/toannguyen/.m2/repository/org/springframework/security/spring-security-web/5.6.3/spring-security-web-5.6.3.jar:/Users/toannguyen/.m2/repository/org/springframework/spring-expression/5.3.19/spring-expression-5.3.19.jar:/Users/toannguyen/.m2/repository/org/springframework/boot/spring-boot-starter-web/2.6.7/spring-boot-starter-web-2.6.7.jar:/Users/toannguyen/.m2/repository/org/springframework/boot/spring-boot-starter-json/2.6.7/spring-boot-starter-json-2.6.7.jar:/Users/toannguyen/.m2/repository/com/fasterxml/jackson/datatype/jackson-datatype-jdk8/2.13.2/jackson-datatype-jdk8-2.13.2.jar:/Users/toannguyen/.m2/repository/com/fasterxml/jackson/datatype/jackson-datatype-jsr310/2.13.2/jackson-datatype-jsr310-2.13.2.jar:/Users/toannguyen/.m2/repository/com/fasterxml/jackson/module/jackson-module-parameter-names/2.13.2/jackson-module-parameter-names-2.13.2.jar:/Users/toannguyen/.m2/repository/org/springframework/boot/spring-boot-starter-tomcat/2.6.7/spring-boot-starter-tomcat-2.6.7.jar:/Users/toannguyen/.m2/repository/org/apache/tomcat/embed/tomcat-embed-core/9.0.62/tomcat-embed-core-9.0.62.jar:/Users/toannguyen/.m2/repository/org/apache/tomcat/embed/tomcat-embed-websocket/9.0.62/tomcat-embed-websocket-9.0.62.jar:/Users/toannguyen/.m2/repository/org/springframework/spring-web/5.3.19/spring-web-5.3.19.jar:/Users/toannguyen/.m2/repository/org/springframework/spring-webmvc/5.3.19/spring-webmvc-5.3.19.jar:/Users/toannguyen/.m2/repository/org/springframework/boot/spring-boot-starter-mail/2.6.7/spring-boot-starter-mail-2.6.7.jar:/Users/toannguyen/.m2/repository/org/springframework/spring-context-support/5.3.19/spring-context-support-5.3.19.jar:/Users/toannguyen/.m2/repository/com/sun/mail/jakarta.mail/1.6.7/jakarta.mail-1.6.7.jar:/Users/toannguyen/.m2/repository/com/sun/activation/jakarta.activation/1.2.2/jakarta.activation-1.2.2.jar:/Users/toannguyen/.m2/repository/org/projectlombok/lombok/1.18.24/lombok-1.18.24.jar:/Users/toannguyen/.m2/repository/org/springframework/boot/spring-boot-starter-test/2.6.7/spring-boot-starter-test-2.6.7.jar:/Users/toannguyen/.m2/repository/org/springframework/boot/spring-boot-test/2.6.7/spring-boot-test-2.6.7.jar:/Users/toannguyen/.m2/repository/org/springframework/boot/spring-boot-test-autoconfigure/2.6.7/spring-boot-test-autoconfigure-2.6.7.jar:/Users/toannguyen/.m2/repository/com/jayway/jsonpath/json-path/2.6.0/json-path-2.6.0.jar:/Users/toannguyen/.m2/repository/net/minidev/json-smart/2.4.8/json-smart-2.4.8.jar:/Users/toannguyen/.m2/repository/net/minidev/accessors-smart/2.4.8/accessors-smart-2.4.8.jar:/Users/toannguyen/.m2/repository/org/ow2/asm/asm/9.1/asm-9.1.jar:/Users/toannguyen/.m2/repository/jakarta/xml/bind/jakarta.xml.bind-api/2.3.3/jakarta.xml.bind-api-2.3.3.jar:/Users/toannguyen/.m2/repository/jakarta/activation/jakarta.activation-api/1.2.2/jakarta.activation-api-1.2.2.jar:/Users/toannguyen/.m2/repository/org/assertj/assertj-core/3.21.0/assertj-core-3.21.0.jar:/Users/toannguyen/.m2/repository/org/hamcrest/hamcrest/2.2/hamcrest-2.2.jar:/Users/toannguyen/.m2/repository/org/junit/jupiter/junit-jupiter/5.8.2/junit-jupiter-5.8.2.jar:/Users/toannguyen/.m2/repository/org/junit/jupiter/junit-jupiter-api/5.8.2/junit-jupiter-api-5.8.2.jar:/Users/toannguyen/.m2/repository/org/opentest4j/opentest4j/1.2.0/opentest4j-1.2.0.jar:/Users/toannguyen/.m2/repository/org/junit/platform/junit-platform-commons/1.8.2/junit-platform-commons-1.8.2.jar:/Users/toannguyen/.m2/repository/org/apiguardian/apiguardian-api/1.1.2/apiguardian-api-1.1.2.jar:/Users/toannguyen/.m2/repository/org/junit/jupiter/junit-jupiter-params/5.8.2/junit-jupiter-params-5.8.2.jar:/Users/toannguyen/.m2/repository/org/junit/jupiter/junit-jupiter-engine/5.8.2/junit-jupiter-engine-5.8.2.jar:/Users/toannguyen/.m2/repository/org/junit/platform/junit-platform-engine/1.8.2/junit-platform-engine-1.8.2.jar:/Users/toannguyen/.m2/repository/org/mockito/mockito-core/4.0.0/mockito-core-4.0.0.jar:/Users/toannguyen/.m2/repository/net/bytebuddy/byte-buddy/1.11.22/byte-buddy-1.11.22.jar:/Users/toannguyen/.m2/repository/net/bytebuddy/byte-buddy-agent/1.11.22/byte-buddy-agent-1.11.22.jar:/Users/toannguyen/.m2/repository/org/objenesis/objenesis/3.2/objenesis-3.2.jar:/Users/toannguyen/.m2/repository/org/mockito/mockito-junit-jupiter/4.0.0/mockito-junit-jupiter-4.0.0.jar:/Users/toannguyen/.m2/repository/org/skyscreamer/jsonassert/1.5.0/jsonassert-1.5.0.jar:/Users/toannguyen/.m2/repository/com/vaadin/external/google/android-json/0.0.20131108.vaadin1/android-json-0.0.20131108.vaadin1.jar:/Users/toannguyen/.m2/repository/org/springframework/spring-core/5.3.19/spring-core-5.3.19.jar:/Users/toannguyen/.m2/repository/org/springframework/spring-jcl/5.3.19/spring-jcl-5.3.19.jar:/Users/toannguyen/.m2/repository/org/springframework/spring-test/5.3.19/spring-test-5.3.19.jar:/Users/toannguyen/.m2/repository/org/xmlunit/xmlunit-core/2.8.4/xmlunit-core-2.8.4.jar:/Users/toannguyen/.m2/repository/org/thymeleaf/thymeleaf/3.1.1.RELEASE/thymeleaf-3.1.1.RELEASE.jar:/Users/toannguyen/.m2/repository/ognl/ognl/3.3.4/ognl-3.3.4.jar:/Users/toannguyen/.m2/repository/org/javassist/javassist/3.29.0-GA/javassist-3.29.0-GA.jar:/Users/toannguyen/.m2/repository/org/attoparser/attoparser/2.0.6.RELEASE/attoparser-2.0.6.RELEASE.jar:/Users/toannguyen/.m2/repository/org/unbescape/unbescape/1.1.6.RELEASE/unbescape-1.1.6.RELEASE.jar:/Users/toannguyen/.m2/repository/org/slf4j/slf4j-api/1.7.36/slf4j-api-1.7.36.jar:/Users/toannguyen/.m2/repository/org/springframework/boot/spring-boot-starter-data-jpa/2.6.7/spring-boot-starter-data-jpa-2.6.7.jar:/Users/toannguyen/.m2/repository/org/springframework/boot/spring-boot-starter-aop/2.6.7/spring-boot-starter-aop-2.6.7.jar:/Users/toannguyen/.m2/repository/org/aspectj/aspectjweaver/1.9.7/aspectjweaver-1.9.7.jar:/Users/toannguyen/.m2/repository/org/springframework/boot/spring-boot-starter-jdbc/2.6.7/spring-boot-starter-jdbc-2.6.7.jar:/Users/toannguyen/.m2/repository/com/zaxxer/HikariCP/4.0.3/HikariCP-4.0.3.jar:/Users/toannguyen/.m2/repository/org/springframework/spring-jdbc/5.3.19/spring-jdbc-5.3.19.jar:/Users/toannguyen/.m2/repository/jakarta/transaction/jakarta.transaction-api/1.3.3/jakarta.transaction-api-1.3.3.jar:/Users/toannguyen/.m2/repository/jakarta/persistence/jakarta.persistence-api/2.2.3/jakarta.persistence-api-2.2.3.jar:/Users/toannguyen/.m2/repository/org/hibernate/hibernate-core/5.6.8.Final/hibernate-core-5.6.8.Final.jar:/Users/toannguyen/.m2/repository/org/jboss/logging/jboss-logging/3.4.3.Final/jboss-logging-3.4.3.Final.jar:/Users/toannguyen/.m2/repository/antlr/antlr/2.7.7/antlr-2.7.7.jar:/Users/toannguyen/.m2/repository/org/jboss/jandex/2.4.2.Final/jandex-2.4.2.Final.jar:/Users/toannguyen/.m2/repository/com/fasterxml/classmate/1.5.1/classmate-1.5.1.jar:/Users/toannguyen/.m2/repository/org/hibernate/common/hibernate-commons-annotations/5.1.2.Final/hibernate-commons-annotations-5.1.2.Final.jar:/Users/toannguyen/.m2/repository/org/glassfish/jaxb/jaxb-runtime/2.3.6/jaxb-runtime-2.3.6.jar:/Users/toannguyen/.m2/repository/org/glassfish/jaxb/txw2/2.3.6/txw2-2.3.6.jar:/Users/toannguyen/.m2/repository/com/sun/istack/istack-commons-runtime/3.0.12/istack-commons-runtime-3.0.12.jar:/Users/toannguyen/.m2/repository/org/springframework/data/spring-data-jpa/2.6.4/spring-data-jpa-2.6.4.jar:/Users/toannguyen/.m2/repository/org/springframework/data/spring-data-commons/2.6.4/spring-data-commons-2.6.4.jar:/Users/toannguyen/.m2/repository/org/springframework/spring-orm/5.3.19/spring-orm-5.3.19.jar:/Users/toannguyen/.m2/repository/org/springframework/spring-tx/5.3.19/spring-tx-5.3.19.jar:/Users/toannguyen/.m2/repository/org/springframework/spring-aspects/5.3.19/spring-aspects-5.3.19.jar:/Users/toannguyen/.m2/repository/mysql/mysql-connector-java/8.0.28/mysql-connector-java-8.0.28.jar:/Users/toannguyen/.m2/repository/io/jsonwebtoken/jjwt/0.9.1/jjwt-0.9.1.jar:/Users/toannguyen/.m2/repository/org/springdoc/springdoc-openapi-ui/1.7.0/springdoc-openapi-ui-1.7.0.jar:/Users/toannguyen/.m2/repository/org/springdoc/springdoc-openapi-webmvc-core/1.7.0/springdoc-openapi-webmvc-core-1.7.0.jar:/Users/toannguyen/.m2/repository/org/springdoc/springdoc-openapi-common/1.7.0/springdoc-openapi-common-1.7.0.jar:/Users/toannguyen/.m2/repository/io/swagger/core/v3/swagger-core/2.2.9/swagger-core-2.2.9.jar:/Users/toannguyen/.m2/repository/org/apache/commons/commons-lang3/3.12.0/commons-lang3-3.12.0.jar:/Users/toannguyen/.m2/repository/com/fasterxml/jackson/dataformat/jackson-dataformat-yaml/2.13.2/jackson-dataformat-yaml-2.13.2.jar:/Users/toannguyen/.m2/repository/io/swagger/core/v3/swagger-annotations/2.2.9/swagger-annotations-2.2.9.jar:/Users/toannguyen/.m2/repository/io/swagger/core/v3/swagger-models/2.2.9/swagger-models-2.2.9.jar:/Users/toannguyen/.m2/repository/org/webjars/swagger-ui/4.18.2/swagger-ui-4.18.2.jar:/Users/toannguyen/.m2/repository/org/apache/pdfbox/pdfbox/2.0.24/pdfbox-2.0.24.jar:/Users/toannguyen/.m2/repository/org/apache/pdfbox/fontbox/2.0.24/fontbox-2.0.24.jar:/Users/toannguyen/.m2/repository/commons-logging/commons-logging/1.2/commons-logging-1.2.jar:/Users/toannguyen/.m2/repository/com/fasterxml/jackson/core/jackson-databind/2.12.5/jackson-databind-2.12.5.jar:/Users/toannguyen/.m2/repository/com/fasterxml/jackson/core/jackson-annotations/2.13.2/jackson-annotations-2.13.2.jar:/Users/toannguyen/.m2/repository/com/fasterxml/jackson/core/jackson-core/2.13.2/jackson-core-2.13.2.jar:/Users/toannguyen/.m2/repository/org/springframework/boot/spring-boot-starter-validation/2.6.7/spring-boot-starter-validation-2.6.7.jar:/Users/toannguyen/.m2/repository/org/apache/tomcat/embed/tomcat-embed-el/9.0.62/tomcat-embed-el-9.0.62.jar:/Users/toannguyen/.m2/repository/org/hibernate/validator/hibernate-validator/6.2.3.Final/hibernate-validator-6.2.3.Final.jar:/Users/toannguyen/.m2/repository/jakarta/validation/jakarta.validation-api/2.0.2/jakarta.validation-api-2.0.2.jar:/Users/toannguyen/.m2/repository/org/mapstruct/mapstruct/1.5.5.Final/mapstruct-1.5.5.Final.jar:/Users/toannguyen/.m2/repository/org/modelmapper/modelmapper/2.4.4/modelmapper-2.4.4.jar:/Users/toannguyen/.m2/repository/com/google/apis/google-api-services-oauth2/v2-rev20200213-1.32.1/google-api-services-oauth2-v2-rev20200213-1.32.1.jar:/Users/toannguyen/.m2/repository/com/google/api-client/google-api-client/1.32.1/google-api-client-1.32.1.jar:/Users/toannguyen/.m2/repository/com/google/oauth-client/google-oauth-client/1.31.5/google-oauth-client-1.31.5.jar:/Users/toannguyen/.m2/repository/com/google/http-client/google-http-client-gson/1.39.2/google-http-client-gson-1.39.2.jar:/Users/toannguyen/.m2/repository/com/google/http-client/google-http-client-apache-v2/1.39.2/google-http-client-apache-v2-1.39.2.jar:/Users/toannguyen/.m2/repository/org/apache/httpcomponents/httpcore/4.4.15/httpcore-4.4.15.jar:/Users/toannguyen/.m2/repository/org/apache/httpcomponents/httpclient/4.5.13/httpclient-4.5.13.jar:/Users/toannguyen/.m2/repository/com/google/firebase/firebase-admin/9.1.1/firebase-admin-9.1.1.jar:/Users/toannguyen/.m2/repository/com/google/api-client/google-api-client-gson/2.0.0/google-api-client-gson-2.0.0.jar:/Users/toannguyen/.m2/repository/com/google/http-client/google-http-client/1.42.2/google-http-client-1.42.2.jar:/Users/toannguyen/.m2/repository/com/google/code/findbugs/jsr305/3.0.2/jsr305-3.0.2.jar:/Users/toannguyen/.m2/repository/com/google/j2objc/j2objc-annotations/1.3/j2objc-annotations-1.3.jar:/Users/toannguyen/.m2/repository/io/opencensus/opencensus-api/0.31.1/opencensus-api-0.31.1.jar:/Users/toannguyen/.m2/repository/io/opencensus/opencensus-contrib-http-util/0.31.1/opencensus-contrib-http-util-0.31.1.jar:/Users/toannguyen/.m2/repository/com/google/api/api-common/2.2.1/api-common-2.2.1.jar:/Users/toannguyen/.m2/repository/javax/annotation/javax.annotation-api/1.3.2/javax.annotation-api-1.3.2.jar:/Users/toannguyen/.m2/repository/com/google/auto/value/auto-value-annotations/1.9/auto-value-annotations-1.9.jar:/Users/toannguyen/.m2/repository/com/google/auth/google-auth-library-oauth2-http/1.12.1/google-auth-library-oauth2-http-1.12.1.jar:/Users/toannguyen/.m2/repository/com/google/auth/google-auth-library-credentials/1.12.1/google-auth-library-credentials-1.12.1.jar:/Users/toannguyen/.m2/repository/com/google/cloud/google-cloud-storage/2.14.0/google-cloud-storage-2.14.0.jar:/Users/toannguyen/.m2/repository/com/google/guava/failureaccess/1.0.1/failureaccess-1.0.1.jar:/Users/toannguyen/.m2/repository/com/google/guava/listenablefuture/9999.0-empty-to-avoid-conflict-with-guava/listenablefuture-9999.0-empty-to-avoid-conflict-with-guava.jar:/Users/toannguyen/.m2/repository/com/google/http-client/google-http-client-jackson2/1.42.2/google-http-client-jackson2-1.42.2.jar:/Users/toannguyen/.m2/repository/com/google/apis/google-api-services-storage/v1-rev20220705-2.0.0/google-api-services-storage-v1-rev20220705-2.0.0.jar:/Users/toannguyen/.m2/repository/com/google/code/gson/gson/2.8.9/gson-2.8.9.jar:/Users/toannguyen/.m2/repository/com/google/cloud/google-cloud-core/2.8.22/google-cloud-core-2.8.22.jar:/Users/toannguyen/.m2/repository/com/google/cloud/google-cloud-core-http/2.8.22/google-cloud-core-http-2.8.22.jar:/Users/toannguyen/.m2/repository/com/google/http-client/google-http-client-appengine/1.42.2/google-http-client-appengine-1.42.2.jar:/Users/toannguyen/.m2/repository/com/google/api/gax-httpjson/0.104.4/gax-httpjson-0.104.4.jar:/Users/toannguyen/.m2/repository/com/google/cloud/google-cloud-core-grpc/2.8.22/google-cloud-core-grpc-2.8.22.jar:/Users/toannguyen/.m2/repository/io/grpc/grpc-core/1.50.1/grpc-core-1.50.1.jar:/Users/toannguyen/.m2/repository/com/google/android/annotations/4.1.1.4/annotations-4.1.1.4.jar:/Users/toannguyen/.m2/repository/org/codehaus/mojo/animal-sniffer-annotations/1.22/animal-sniffer-annotations-1.22.jar:/Users/toannguyen/.m2/repository/com/google/api/gax/2.19.4/gax-2.19.4.jar:/Users/toannguyen/.m2/repository/com/google/api/gax-grpc/2.19.4/gax-grpc-2.19.4.jar:/Users/toannguyen/.m2/repository/io/grpc/grpc-alts/1.50.1/grpc-alts-1.50.1.jar:/Users/toannguyen/.m2/repository/io/grpc/grpc-grpclb/1.50.1/grpc-grpclb-1.50.1.jar:/Users/toannguyen/.m2/repository/org/conscrypt/conscrypt-openjdk-uber/2.5.2/conscrypt-openjdk-uber-2.5.2.jar:/Users/toannguyen/.m2/repository/io/grpc/grpc-context/1.50.1/grpc-context-1.50.1.jar:/Users/toannguyen/.m2/repository/com/google/api/grpc/proto-google-iam-v1/1.6.4/proto-google-iam-v1-1.6.4.jar:/Users/toannguyen/.m2/repository/com/google/protobuf/protobuf-java/3.21.8/protobuf-java-3.21.8.jar:/Users/toannguyen/.m2/repository/com/google/protobuf/protobuf-java-util/3.21.8/protobuf-java-util-3.21.8.jar:/Users/toannguyen/.m2/repository/com/google/api/grpc/proto-google-common-protos/2.9.6/proto-google-common-protos-2.9.6.jar:/Users/toannguyen/.m2/repository/org/threeten/threetenbp/1.6.3/threetenbp-1.6.3.jar:/Users/toannguyen/.m2/repository/com/google/api/grpc/proto-google-cloud-storage-v2/2.14.0-alpha/proto-google-cloud-storage-v2-2.14.0-alpha.jar:/Users/toannguyen/.m2/repository/com/google/api/grpc/grpc-google-cloud-storage-v2/2.14.0-alpha/grpc-google-cloud-storage-v2-2.14.0-alpha.jar:/Users/toannguyen/.m2/repository/io/grpc/grpc-protobuf/1.50.1/grpc-protobuf-1.50.1.jar:/Users/toannguyen/.m2/repository/com/google/api/grpc/gapic-google-cloud-storage-v2/2.14.0-alpha/gapic-google-cloud-storage-v2-2.14.0-alpha.jar:/Users/toannguyen/.m2/repository/io/grpc/grpc-api/1.50.1/grpc-api-1.50.1.jar:/Users/toannguyen/.m2/repository/io/grpc/grpc-netty-shaded/1.50.1/grpc-netty-shaded-1.50.1.jar:/Users/toannguyen/.m2/repository/io/perfmark/perfmark-api/0.25.0/perfmark-api-0.25.0.jar:/Users/toannguyen/.m2/repository/io/grpc/grpc-auth/1.50.1/grpc-auth-1.50.1.jar:/Users/toannguyen/.m2/repository/io/grpc/grpc-stub/1.50.1/grpc-stub-1.50.1.jar:/Users/toannguyen/.m2/repository/io/grpc/grpc-googleapis/1.50.1/grpc-googleapis-1.50.1.jar:/Users/toannguyen/.m2/repository/org/checkerframework/checker-qual/3.26.0/checker-qual-3.26.0.jar:/Users/toannguyen/.m2/repository/io/grpc/grpc-xds/1.50.1/grpc-xds-1.50.1.jar:/Users/toannguyen/.m2/repository/io/opencensus/opencensus-proto/0.2.0/opencensus-proto-0.2.0.jar:/Users/toannguyen/.m2/repository/io/grpc/grpc-services/1.50.1/grpc-services-1.50.1.jar:/Users/toannguyen/.m2/repository/com/google/re2j/re2j/1.6/re2j-1.6.jar:/Users/toannguyen/.m2/repository/com/google/api/grpc/grpc-google-iam-v1/1.6.4/grpc-google-iam-v1-1.6.4.jar:/Users/toannguyen/.m2/repository/io/grpc/grpc-protobuf-lite/1.50.1/grpc-protobuf-lite-1.50.1.jar:/Users/toannguyen/.m2/repository/com/google/cloud/google-cloud-firestore/3.7.0/google-cloud-firestore-3.7.0.jar:/Users/toannguyen/.m2/repository/commons-codec/commons-codec/1.15/commons-codec-1.15.jar:/Users/toannguyen/.m2/repository/com/google/api/grpc/proto-google-cloud-firestore-v1/3.7.0/proto-google-cloud-firestore-v1-3.7.0.jar:/Users/toannguyen/.m2/repository/com/google/cloud/proto-google-cloud-firestore-bundle-v1/3.7.0/proto-google-cloud-firestore-bundle-v1-3.7.0.jar:/Users/toannguyen/.m2/repository/io/opencensus/opencensus-contrib-grpc-util/0.31.1/opencensus-contrib-grpc-util-0.31.1.jar:/Users/toannguyen/.m2/repository/com/google/errorprone/error_prone_annotations/2.16/error_prone_annotations-2.16.jar:/Users/toannguyen/.m2/repository/com/google/guava/guava/31.1-jre/guava-31.1-jre.jar:/Users/toannguyen/.m2/repository/io/netty/netty-codec-http/4.1.76.Final/netty-codec-http-4.1.76.Final.jar:/Users/toannguyen/.m2/repository/io/netty/netty-common/4.1.76.Final/netty-common-4.1.76.Final.jar:/Users/toannguyen/.m2/repository/io/netty/netty-buffer/4.1.76.Final/netty-buffer-4.1.76.Final.jar:/Users/toannguyen/.m2/repository/io/netty/netty-codec/4.1.76.Final/netty-codec-4.1.76.Final.jar:/Users/toannguyen/.m2/repository/io/netty/netty-handler/4.1.76.Final/netty-handler-4.1.76.Final.jar:/Users/toannguyen/.m2/repository/io/netty/netty-resolver/4.1.76.Final/netty-resolver-4.1.76.Final.jar:/Users/toannguyen/.m2/repository/io/netty/netty-transport/4.1.76.Final/netty-transport-4.1.76.Final.jar:/Users/toannguyen/.m2/repository/org/springframework/boot/spring-boot-starter-websocket/3.1.3/spring-boot-starter-websocket-3.1.3.jar:/Users/toannguyen/.m2/repository/org/springframework/spring-messaging/5.3.19/spring-messaging-5.3.19.jar:/Users/toannguyen/.m2/repository/org/springframework/spring-websocket/5.3.19/spring-websocket-5.3.19.jar:"/>
    <property name="sun.cpu.endian" value="little"/>
    <property name="user.home" value="/Users/toannguyen"/>
    <property name="user.language" value="en"/>
    <property name="java.specification.vendor" value="Oracle Corporation"/>
    <property name="java.version.date" value="2023-03-21"/>
    <property name="java.home" value="/Users/toannguyen/Library/Java/JavaVirtualMachines/openjdk-20/Contents/Home"/>
    <property name="file.separator" value="/"/>
    <property name="basedir" value="/Users/toannguyen/Documents/backend/referity_be"/>
    <property name="java.vm.compressedOopsMode" value="Zero based"/>
    <property name="line.separator" value="&#10;"/>
    <property name="java.vm.specification.vendor" value="Oracle Corporation"/>
    <property name="java.specification.name" value="Java Platform API Specification"/>
    <property name="apple.awt.application.name" value="ForkedBooter"/>
    <property name="surefire.real.class.path" value="/Users/toannguyen/Documents/backend/referity_be/target/surefire/surefirebooter9319472940269196081.jar"/>
    <property name="sun.management.compiler" value="HotSpot 64-Bit Tiered Compilers"/>
    <property name="ftp.nonProxyHosts" value="local|*.local|169.254/16|*.169.254/16"/>
    <property name="java.runtime.version" value="20+36-2344"/>
    <property name="user.name" value="toannguyen"/>
    <property name="stdout.encoding" value="UTF-8"/>
    <property name="path.separator" value=":"/>
    <property name="os.version" value="13.5.1"/>
    <property name="java.runtime.name" value="OpenJDK Runtime Environment"/>
    <property name="file.encoding" value="UTF-8"/>
    <property name="java.vm.name" value="OpenJDK 64-Bit Server VM"/>
    <property name="localRepository" value="/Users/toannguyen/.m2/repository"/>
    <property name="java.vendor.url.bug" value="https://bugreport.java.com/bugreport/"/>
    <property name="java.io.tmpdir" value="/var/folders/w3/p342f1cd4sqcw4h5kfj8yb8r0000gn/T/"/>
    <property name="java.version" value="20"/>
    <property name="user.dir" value="/Users/toannguyen/Documents/backend/referity_be"/>
    <property name="os.arch" value="x86_64"/>
    <property name="java.vm.specification.name" value="Java Virtual Machine Specification"/>
    <property name="native.encoding" value="UTF-8"/>
    <property name="java.library.path" value="/Users/toannguyen/Library/Java/Extensions:/Library/Java/Extensions:/Network/Library/Java/Extensions:/System/Library/Java/Extensions:/usr/lib/java:."/>
    <property name="java.vm.info" value="mixed mode, sharing"/>
    <property name="stderr.encoding" value="UTF-8"/>
    <property name="java.vendor" value="Oracle Corporation"/>
    <property name="java.vm.version" value="20+36-2344"/>
    <property name="sun.io.unicode.encoding" value="UnicodeBig"/>
    <property name="socksNonProxyHosts" value="local|*.local|169.254/16|*.169.254/16"/>
    <property name="java.class.version" value="64.0"/>
  </properties>
  <testcase name="contextLoads" classname="online.referity.ReferityApplicationTests" time="0.117"/>
</testsuite>